2019-02-01 10:54:55,575 [INFO] from application in play-dev-mode-akka.actor.default-dispatcher-2 - Creating Pool for datasource 'default'
2019-02-01 10:54:55,795 [INFO] from play.api.db.DefaultDBApi in play-dev-mode-akka.actor.default-dispatcher-2 - Database [default] connected at jdbc:h2:mem:play
2019-02-01 10:54:56,816 [INFO] from application in play-dev-mode-akka.actor.default-dispatcher-2 - ApplicationTimer demo: Starting application at 2019-02-01T01:54:56.816Z
2019-02-01 10:54:57,092 [INFO] from play.api.http.EnabledFilters in play-dev-mode-akka.actor.default-dispatcher-2 - Enabled Filters (see <https://www.playframework.com/documentation/latest/Filters>):

    play.filters.csrf.CSRFFilter
    play.filters.gzip.GzipFilter
    filters.sample.LoggingFilter

2019-02-01 10:54:57,232 [INFO] from play.api.Play in play-dev-mode-akka.actor.default-dispatcher-2 - Application started (Dev)
2019-02-01 10:54:57,494 [INFO] from application in application-akka.actor.default-dispatcher-2 - access from 0:0:0:0:0:0:0:1 to /
2019-02-01 10:54:59,640 [INFO] from application in application-akka.actor.default-dispatcher-2 - access from 0:0:0:0:0:0:0:1 to /
2019-02-01 10:54:59,724 [INFO] from application in application-akka.actor.default-dispatcher-5 - access from 0:0:0:0:0:0:0:1 to /assets/stylesheets/fontawesome-free-5.5.0-web/css/all.css
2019-02-01 10:54:59,725 [INFO] from application in application-akka.actor.default-dispatcher-6 - access from 0:0:0:0:0:0:0:1 to /assets/stylesheets/top.css
2019-02-01 10:54:59,724 [INFO] from application in application-akka.actor.default-dispatcher-4 - access from 0:0:0:0:0:0:0:1 to /assets//javascripts/jquery/jquery.js
2019-02-01 10:54:59,724 [INFO] from application in application-akka.actor.default-dispatcher-2 - access from 0:0:0:0:0:0:0:1 to /assets//javascripts/fetch/fetch.js
2019-02-01 10:54:59,725 [INFO] from application in application-akka.actor.default-dispatcher-3 - access from 0:0:0:0:0:0:0:1 to /assets/javascripts/signupandin/signup.js
2019-02-01 10:55:00,082 [INFO] from application in application-akka.actor.default-dispatcher-4 - access from 0:0:0:0:0:0:0:1 to /assets/stylesheets/fontawesome-free-5.5.0-web/webfonts/fa-solid-900.woff2
2019-02-01 10:55:00,095 [INFO] from application in application-akka.actor.default-dispatcher-3 - access from 0:0:0:0:0:0:0:1 to /assets/javascripts/signupandin/areaandschool.js
2019-02-01 10:55:00,131 [INFO] from application in application-akka.actor.default-dispatcher-3 - access from 0:0:0:0:0:0:0:1 to /assets/stylesheets/fontawesome-free-5.5.0-web/webfonts/fa-regular-400.woff2
2019-02-01 10:55:05,823 [INFO] from application in application-akka.actor.default-dispatcher-5 - access from 0:0:0:0:0:0:0:1 to /database/users
2019-02-01 10:55:05,950 [INFO] from application in play-dev-mode-akka.actor.default-dispatcher-3 - access from 0:0:0:0:0:0:0:1 to /signup/register
2019-02-01 10:55:07,834 [INFO] from application in application-akka.actor.default-dispatcher-4 - access from 0:0:0:0:0:0:0:1 to /assets//javascripts/fetch/fetch.js
2019-02-01 10:55:07,835 [INFO] from application in application-akka.actor.default-dispatcher-8 - access from 0:0:0:0:0:0:0:1 to /signin
2019-02-01 10:55:07,885 [INFO] from application in application-akka.actor.default-dispatcher-2 - access from 0:0:0:0:0:0:0:1 to /assets/stylesheets/login.css
2019-02-01 10:55:07,885 [INFO] from application in application-akka.actor.default-dispatcher-9 - access from 0:0:0:0:0:0:0:1 to /assets//javascripts/jquery/jquery.js
2019-02-01 10:55:10,542 [INFO] from application in play-dev-mode-akka.actor.default-dispatcher-6 - access from 0:0:0:0:0:0:0:1 to /signin
2019-02-01 10:55:10,582 [INFO] from application in application-akka.actor.default-dispatcher-9 - access from 0:0:0:0:0:0:0:1 to /helper/aaa
2019-02-01 10:55:10,631 [INFO] from application in application-akka.actor.default-dispatcher-2 - access from 0:0:0:0:0:0:0:1 to /assets//javascripts/fetch/fetch.js
2019-02-01 10:55:10,632 [INFO] from application in application-akka.actor.default-dispatcher-8 - access from 0:0:0:0:0:0:0:1 to /assets/stylesheets/fontawesome-free-5.5.0-web/css/all.css
2019-02-01 10:55:10,633 [INFO] from application in application-akka.actor.default-dispatcher-7 - access from 0:0:0:0:0:0:0:1 to /assets//javascripts/jquery/jquery.js
2019-02-01 10:55:10,633 [INFO] from application in application-akka.actor.default-dispatcher-4 - access from 0:0:0:0:0:0:0:1 to /assets/stylesheets/section.css
2019-02-01 10:55:10,635 [INFO] from application in application-akka.actor.default-dispatcher-6 - access from 0:0:0:0:0:0:0:1 to /assets//javascripts/popper.js
2019-02-01 10:55:10,637 [INFO] from application in application-akka.actor.default-dispatcher-9 - access from 0:0:0:0:0:0:0:1 to /assets/stylesheets/bootstrap.min.css
2019-02-01 10:55:10,639 [INFO] from application in application-akka.actor.default-dispatcher-5 - access from 0:0:0:0:0:0:0:1 to /assets//javascripts/bootstrap.min.js
2019-02-01 10:55:10,649 [INFO] from application in application-akka.actor.default-dispatcher-7 - access from 0:0:0:0:0:0:0:1 to /assets//javascripts/mypage.js
2019-02-01 10:55:10,657 [INFO] from application in application-akka.actor.default-dispatcher-2 - access from 0:0:0:0:0:0:0:1 to /assets//javascripts/navBar.js
2019-02-01 10:55:10,890 [INFO] from application in application-akka.actor.default-dispatcher-4 - access from 0:0:0:0:0:0:0:1 to /assets/stylesheets/fontawesome-free-5.5.0-web/webfonts/fa-regular-400.woff2
2019-02-01 10:55:10,890 [INFO] from application in application-akka.actor.default-dispatcher-7 - access from 0:0:0:0:0:0:0:1 to /assets/stylesheets/fontawesome-free-5.5.0-web/webfonts/fa-solid-900.woff2
2019-02-01 10:55:12,690 [INFO] from application in application-akka.actor.default-dispatcher-8 - access from 0:0:0:0:0:0:0:1 to /assets/stylesheets/calendar/style.css
2019-02-01 10:55:12,691 [INFO] from application in application-akka.actor.default-dispatcher-2 - access from 0:0:0:0:0:0:0:1 to /assets/stylesheets/calendar/leftMenu.css
2019-02-01 10:55:12,691 [INFO] from application in application-akka.actor.default-dispatcher-7 - access from 0:0:0:0:0:0:0:1 to /assets//stylesheets/fontawesome-free-5.5.0-web/css/all.css
2019-02-01 10:55:12,691 [INFO] from application in application-akka.actor.default-dispatcher-4 - access from 0:0:0:0:0:0:0:1 to /assets/stylesheets/calendar/dayScheduler.css
2019-02-01 10:55:12,691 [INFO] from application in application-akka.actor.default-dispatcher-6 - access from 0:0:0:0:0:0:0:1 to /assets/stylesheets/calendar/calendar.css
2019-02-01 10:55:12,699 [INFO] from application in application-akka.actor.default-dispatcher-9 - access from 0:0:0:0:0:0:0:1 to /calendar/month
2019-02-01 10:55:12,711 [INFO] from application in application-akka.actor.default-dispatcher-29 - access from 0:0:0:0:0:0:0:1 to /assets/stylesheets/calendar/bootstrap-colorselector.css
2019-02-01 10:55:12,730 [INFO] from application in application-akka.actor.default-dispatcher-9 - access from 0:0:0:0:0:0:0:1 to /assets//javascripts/calendar/calendarEvent.js
2019-02-01 10:55:12,730 [INFO] from application in application-akka.actor.default-dispatcher-5 - access from 0:0:0:0:0:0:0:1 to /assets//javascripts/moment-with-locales.min.js
2019-02-01 10:55:12,732 [INFO] from application in application-akka.actor.default-dispatcher-29 - access from 0:0:0:0:0:0:0:1 to /assets//javascripts/calendar/bootstrap-colorselector.js
2019-02-01 10:55:12,745 [INFO] from application in application-akka.actor.default-dispatcher-8 - access from 0:0:0:0:0:0:0:1 to /assets//stylesheets/fontawesome-free-5.5.0-web/webfonts/fa-solid-900.woff2
2019-02-01 10:55:12,764 [INFO] from application in application-akka.actor.default-dispatcher-9 - access from 0:0:0:0:0:0:0:1 to /assets//javascripts/fetch/fetch.js
2019-02-01 10:55:12,767 [INFO] from application in application-akka.actor.default-dispatcher-29 - access from 0:0:0:0:0:0:0:1 to /assets/stylesheets/bootstrap.min.css
2019-02-01 10:55:12,767 [INFO] from application in application-akka.actor.default-dispatcher-5 - access from 0:0:0:0:0:0:0:1 to /assets//javascripts/jquery/jquery.js
2019-02-01 10:55:12,778 [INFO] from application in application-akka.actor.default-dispatcher-29 - access from 0:0:0:0:0:0:0:1 to /assets//javascripts/navBar.js
2019-02-01 10:55:12,778 [INFO] from application in application-akka.actor.default-dispatcher-9 - access from 0:0:0:0:0:0:0:1 to /assets//javascripts/bootstrap.min.js
2019-02-01 10:55:12,784 [INFO] from application in application-akka.actor.default-dispatcher-4 - access from 0:0:0:0:0:0:0:1 to /assets//stylesheets/fontawesome-free-5.5.0-web/webfonts/fa-regular-400.woff2
2019-02-01 10:55:12,793 [INFO] from application in application-akka.actor.default-dispatcher-9 - access from 0:0:0:0:0:0:0:1 to /assets//javascripts/popper.js
2019-02-01 10:55:12,813 [INFO] from application in application-akka.actor.default-dispatcher-7 - access from 0:0:0:0:0:0:0:1 to /assets//javascripts/calendar/calendar.js
2019-02-01 10:55:12,917 [INFO] from application in application-akka.actor.default-dispatcher-7 - access from 0:0:0:0:0:0:0:1 to /event/entries
2019-02-01 10:55:12,942 [INFO] from application in application-akka.actor.default-dispatcher-2 - access from 0:0:0:0:0:0:0:1 to /event/entries
2019-02-01 10:55:15,313 [INFO] from application in play-dev-mode-akka.actor.default-dispatcher-7 - access from 0:0:0:0:0:0:0:1 to /event/create
2019-02-01 10:55:21,792 [INFO] from application in play-dev-mode-akka.actor.default-dispatcher-6 - access from 0:0:0:0:0:0:0:1 to /event/create
2019-02-01 10:55:41,230 [INFO] from application in application-akka.actor.default-dispatcher-2 - access from 0:0:0:0:0:0:0:1 to /event/entries
2019-02-01 10:55:49,686 [INFO] from application in play-dev-mode-akka.actor.default-dispatcher-4 - access from 0:0:0:0:0:0:0:1 to /event/create
2019-02-01 10:55:51,502 [INFO] from application in application-akka.actor.default-dispatcher-2 - access from 0:0:0:0:0:0:0:1 to /event/entries
2019-02-01 10:55:52,679 [INFO] from application in application-akka.actor.default-dispatcher-63 - access from 0:0:0:0:0:0:0:1 to /event/entries
2019-02-01 10:55:53,897 [INFO] from application in application-akka.actor.default-dispatcher-8 - access from 0:0:0:0:0:0:0:1 to /event/entries
2019-02-01 10:55:59,462 [INFO] from application in application-akka.actor.default-dispatcher-62 - access from 0:0:0:0:0:0:0:1 to /event/entries
2019-02-01 10:56:10,350 [INFO] from application in application-akka.actor.default-dispatcher-8 - access from 0:0:0:0:0:0:0:1 to /event/entries
