2018-12-06 16:01:00,758 [INFO] from application in play-dev-mode-akka.actor.default-dispatcher-7 - Creating Pool for datasource 'default'
2018-12-06 16:01:01,075 [INFO] from play.api.db.DefaultDBApi in play-dev-mode-akka.actor.default-dispatcher-7 - Database [default] connected at jdbc:h2:mem:play
2018-12-06 16:01:01,964 [INFO] from application in play-dev-mode-akka.actor.default-dispatcher-7 - ApplicationTimer demo: Starting application at 2018-12-06T07:01:01.963Z
2018-12-06 16:01:02,247 [INFO] from play.api.http.EnabledFilters in play-dev-mode-akka.actor.default-dispatcher-7 - Enabled Filters (see <https://www.playframework.com/documentation/latest/Filters>):

    play.filters.csrf.CSRFFilter
    play.filters.gzip.GzipFilter
    filters.sample.LoggingFilter

2018-12-06 16:01:02,425 [INFO] from play.api.Play in play-dev-mode-akka.actor.default-dispatcher-7 - Application started (Dev)
2018-12-06 16:01:02,768 [INFO] from application in application-akka.actor.default-dispatcher-2 - access from 0:0:0:0:0:0:0:1 to /assets//javascripts/fetch/fetch.js
2018-12-06 16:01:02,767 [INFO] from application in application-akka.actor.default-dispatcher-4 - access from 0:0:0:0:0:0:0:1 to /
2018-12-06 16:01:03,050 [INFO] from application in application-akka.actor.default-dispatcher-3 - access from 0:0:0:0:0:0:0:1 to /assets/stylesheets/fontawesome-free-5.5.0-web/css/all.css
2018-12-06 16:01:03,051 [INFO] from application in application-akka.actor.default-dispatcher-4 - access from 0:0:0:0:0:0:0:1 to /assets//javascripts/jquery/jquery.js
2018-12-06 16:04:13,915 [INFO] from application in application-akka.actor.default-dispatcher-8 - ApplicationTimer demo: Stopping application at 2018-12-06T07:04:13.915Z after 192s.
2018-12-06 16:04:13,917 [INFO] from application in application-akka.actor.default-dispatcher-8 - Shutting down connection pool.
2018-12-06 16:04:14,212 [INFO] from application in play-dev-mode-akka.actor.default-dispatcher-14 - Creating Pool for datasource 'default'
2018-12-06 16:04:14,215 [INFO] from play.api.db.DefaultDBApi in play-dev-mode-akka.actor.default-dispatcher-14 - Database [default] connected at jdbc:h2:mem:play
2018-12-06 16:04:14,271 [INFO] from application in play-dev-mode-akka.actor.default-dispatcher-14 - ApplicationTimer demo: Starting application at 2018-12-06T07:04:14.271Z
2018-12-06 16:04:14,488 [INFO] from play.api.http.EnabledFilters in play-dev-mode-akka.actor.default-dispatcher-14 - Enabled Filters (see <https://www.playframework.com/documentation/latest/Filters>):

    play.filters.csrf.CSRFFilter
    play.filters.gzip.GzipFilter
    filters.sample.LoggingFilter

2018-12-06 16:04:14,509 [INFO] from play.api.Play in play-dev-mode-akka.actor.default-dispatcher-14 - Application started (Dev)
2018-12-06 16:04:14,531 [INFO] from application in application-akka.actor.default-dispatcher-2 - access from 0:0:0:0:0:0:0:1 to /assets//javascripts/fetch/fetch.js
2018-12-06 16:04:14,535 [INFO] from application in application-akka.actor.default-dispatcher-4 - access from 0:0:0:0:0:0:0:1 to /
2018-12-06 16:04:14,566 [INFO] from application in application-akka.actor.default-dispatcher-5 - access from 0:0:0:0:0:0:0:1 to /assets/stylesheets/helpertop.css
2018-12-06 16:04:14,568 [INFO] from application in application-akka.actor.default-dispatcher-2 - access from 0:0:0:0:0:0:0:1 to /assets//javascripts/jquery/jquery.js
2018-12-06 16:04:14,584 [INFO] from application in application-akka.actor.default-dispatcher-2 - access from 0:0:0:0:0:0:0:1 to /assets//javascripts/fetch/fetch.js
2018-12-06 16:04:52,939 [INFO] from application in application-akka.actor.default-dispatcher-3 - access from 0:0:0:0:0:0:0:1 to /
2018-12-06 16:04:52,961 [INFO] from application in application-akka.actor.default-dispatcher-7 - access from 0:0:0:0:0:0:0:1 to /assets//javascripts/jquery/jquery.js
2018-12-06 16:04:52,961 [INFO] from application in application-akka.actor.default-dispatcher-3 - access from 0:0:0:0:0:0:0:1 to /assets/stylesheets/helpertop.css
2018-12-06 16:04:52,961 [INFO] from application in application-akka.actor.default-dispatcher-6 - access from 0:0:0:0:0:0:0:1 to /assets//javascripts/fetch/fetch.js
2018-12-06 16:06:16,031 [INFO] from application in application-akka.actor.default-dispatcher-9 - access from 0:0:0:0:0:0:0:1 to /
2018-12-06 16:06:16,066 [INFO] from application in application-akka.actor.default-dispatcher-17 - access from 0:0:0:0:0:0:0:1 to /assets/stylesheets/helpertop.css
2018-12-06 16:06:16,088 [INFO] from application in application-akka.actor.default-dispatcher-9 - access from 0:0:0:0:0:0:0:1 to /assets//javascripts/fetch/fetch.js
2018-12-06 16:06:16,102 [INFO] from application in application-akka.actor.default-dispatcher-17 - access from 0:0:0:0:0:0:0:1 to /assets//javascripts/jquery/jquery.js
2018-12-06 16:07:57,701 [INFO] from application in application-akka.actor.default-dispatcher-18 - access from 0:0:0:0:0:0:0:1 to /
2018-12-06 16:07:57,765 [INFO] from application in application-akka.actor.default-dispatcher-18 - access from 0:0:0:0:0:0:0:1 to /assets/stylesheets/helpertop.css
2018-12-06 16:07:57,780 [INFO] from application in application-akka.actor.default-dispatcher-25 - access from 0:0:0:0:0:0:0:1 to /assets//javascripts/fetch/fetch.js
2018-12-06 16:07:57,786 [INFO] from application in application-akka.actor.default-dispatcher-23 - access from 0:0:0:0:0:0:0:1 to /assets//javascripts/jquery/jquery.js
2018-12-06 16:08:33,779 [INFO] from application in application-akka.actor.default-dispatcher-24 - ApplicationTimer demo: Stopping application at 2018-12-06T07:08:33.779Z after 259s.
2018-12-06 16:08:33,780 [INFO] from application in application-akka.actor.default-dispatcher-24 - Shutting down connection pool.
2018-12-06 16:08:34,021 [INFO] from application in play-dev-mode-akka.actor.default-dispatcher-28 - Creating Pool for datasource 'default'
2018-12-06 16:08:34,024 [INFO] from play.api.db.DefaultDBApi in play-dev-mode-akka.actor.default-dispatcher-28 - Database [default] connected at jdbc:h2:mem:play
2018-12-06 16:08:34,057 [INFO] from application in play-dev-mode-akka.actor.default-dispatcher-28 - ApplicationTimer demo: Starting application at 2018-12-06T07:08:34.057Z
2018-12-06 16:08:34,158 [INFO] from play.api.http.EnabledFilters in play-dev-mode-akka.actor.default-dispatcher-28 - Enabled Filters (see <https://www.playframework.com/documentation/latest/Filters>):

    play.filters.csrf.CSRFFilter
    play.filters.gzip.GzipFilter
    filters.sample.LoggingFilter

2018-12-06 16:08:34,169 [INFO] from play.api.Play in play-dev-mode-akka.actor.default-dispatcher-28 - Application started (Dev)
2018-12-06 16:08:34,184 [INFO] from application in application-akka.actor.default-dispatcher-5 - access from 0:0:0:0:0:0:0:1 to /
2018-12-06 16:08:34,224 [INFO] from application in application-akka.actor.default-dispatcher-2 - access from 0:0:0:0:0:0:0:1 to /assets/stylesheets/helpertop.css
2018-12-06 16:08:34,226 [INFO] from application in application-akka.actor.default-dispatcher-4 - access from 0:0:0:0:0:0:0:1 to /assets//javascripts/fetch/fetch.js
2018-12-06 16:08:34,230 [INFO] from application in application-akka.actor.default-dispatcher-3 - access from 0:0:0:0:0:0:0:1 to /assets//javascripts/jquery/jquery.js
2018-12-06 16:09:40,571 [INFO] from application in application-akka.actor.default-dispatcher-7 - access from 0:0:0:0:0:0:0:1 to /
2018-12-06 16:09:40,645 [INFO] from application in application-akka.actor.default-dispatcher-13 - access from 0:0:0:0:0:0:0:1 to /assets//javascripts/fetch/fetch.js
2018-12-06 16:09:40,651 [INFO] from application in application-akka.actor.default-dispatcher-7 - access from 0:0:0:0:0:0:0:1 to /assets//javascripts/jquery/jquery.js
2018-12-06 16:09:40,659 [INFO] from application in application-akka.actor.default-dispatcher-15 - access from 0:0:0:0:0:0:0:1 to /assets/stylesheets/helpertop.css
2018-12-06 16:12:58,724 [INFO] from application in application-akka.actor.default-dispatcher-14 - ApplicationTimer demo: Stopping application at 2018-12-06T07:12:58.724Z after 264s.
2018-12-06 16:12:58,725 [INFO] from application in application-akka.actor.default-dispatcher-14 - Shutting down connection pool.
2018-12-06 16:12:58,993 [INFO] from application in play-dev-mode-akka.actor.default-dispatcher-24 - Creating Pool for datasource 'default'
2018-12-06 16:12:58,994 [INFO] from play.api.db.DefaultDBApi in play-dev-mode-akka.actor.default-dispatcher-24 - Database [default] connected at jdbc:h2:mem:play
2018-12-06 16:12:59,034 [INFO] from application in play-dev-mode-akka.actor.default-dispatcher-24 - ApplicationTimer demo: Starting application at 2018-12-06T07:12:59.034Z
2018-12-06 16:12:59,127 [INFO] from play.api.http.EnabledFilters in play-dev-mode-akka.actor.default-dispatcher-24 - Enabled Filters (see <https://www.playframework.com/documentation/latest/Filters>):

    play.filters.csrf.CSRFFilter
    play.filters.gzip.GzipFilter
    filters.sample.LoggingFilter

2018-12-06 16:12:59,135 [INFO] from play.api.Play in play-dev-mode-akka.actor.default-dispatcher-24 - Application started (Dev)
2018-12-06 16:12:59,157 [INFO] from application in application-akka.actor.default-dispatcher-2 - access from 0:0:0:0:0:0:0:1 to /
2018-12-06 16:12:59,202 [INFO] from application in application-akka.actor.default-dispatcher-4 - access from 0:0:0:0:0:0:0:1 to /assets/stylesheets/helpertop.css
2018-12-06 16:12:59,206 [INFO] from application in application-akka.actor.default-dispatcher-3 - access from 0:0:0:0:0:0:0:1 to /assets//javascripts/fetch/fetch.js
2018-12-06 16:12:59,222 [INFO] from application in application-akka.actor.default-dispatcher-2 - access from 0:0:0:0:0:0:0:1 to /assets//javascripts/jquery/jquery.js
2018-12-06 16:14:11,063 [INFO] from application in application-akka.actor.default-dispatcher-5 - access from 0:0:0:0:0:0:0:1 to /
2018-12-06 16:14:11,096 [INFO] from application in application-akka.actor.default-dispatcher-9 - access from 0:0:0:0:0:0:0:1 to /assets/stylesheets/helpertop.css
2018-12-06 16:14:11,118 [INFO] from application in application-akka.actor.default-dispatcher-10 - access from 0:0:0:0:0:0:0:1 to /assets//javascripts/fetch/fetch.js
2018-12-06 16:14:11,120 [INFO] from application in application-akka.actor.default-dispatcher-16 - access from 0:0:0:0:0:0:0:1 to /assets//javascripts/jquery/jquery.js
2018-12-06 16:15:27,099 [INFO] from application in application-akka.actor.default-dispatcher-14 - access from 0:0:0:0:0:0:0:1 to /
2018-12-06 16:15:27,123 [INFO] from application in application-akka.actor.default-dispatcher-17 - access from 0:0:0:0:0:0:0:1 to /assets/stylesheets/helpertop.css
2018-12-06 16:15:27,138 [INFO] from application in application-akka.actor.default-dispatcher-14 - access from 0:0:0:0:0:0:0:1 to /assets//javascripts/fetch/fetch.js
2018-12-06 16:15:27,138 [INFO] from application in application-akka.actor.default-dispatcher-18 - access from 0:0:0:0:0:0:0:1 to /assets//javascripts/jquery/jquery.js
2018-12-06 16:17:22,544 [INFO] from application in application-akka.actor.default-dispatcher-24 - access from 0:0:0:0:0:0:0:1 to /
2018-12-06 16:17:22,586 [INFO] from application in application-akka.actor.default-dispatcher-26 - access from 0:0:0:0:0:0:0:1 to /assets/stylesheets/helpertop.css
2018-12-06 16:17:22,596 [INFO] from application in application-akka.actor.default-dispatcher-24 - access from 0:0:0:0:0:0:0:1 to /assets//javascripts/fetch/fetch.js
2018-12-06 16:17:22,607 [INFO] from application in application-akka.actor.default-dispatcher-30 - access from 0:0:0:0:0:0:0:1 to /assets//javascripts/jquery/jquery.js
2018-12-06 16:17:38,954 [INFO] from application in application-akka.actor.default-dispatcher-24 - access from 0:0:0:0:0:0:0:1 to /
2018-12-06 16:17:38,990 [INFO] from application in application-akka.actor.default-dispatcher-34 - access from 0:0:0:0:0:0:0:1 to /assets/stylesheets/helpertop.css
2018-12-06 16:17:38,990 [INFO] from application in application-akka.actor.default-dispatcher-35 - access from 0:0:0:0:0:0:0:1 to /assets//javascripts/jquery/jquery.js
2018-12-06 16:17:39,006 [INFO] from application in application-akka.actor.default-dispatcher-27 - access from 0:0:0:0:0:0:0:1 to /assets//javascripts/fetch/fetch.js
2018-12-06 16:17:53,433 [INFO] from application in application-akka.actor.default-dispatcher-24 - access from 0:0:0:0:0:0:0:1 to /
2018-12-06 16:17:53,458 [INFO] from application in application-akka.actor.default-dispatcher-35 - access from 0:0:0:0:0:0:0:1 to /assets/stylesheets/helpertop.css
2018-12-06 16:17:53,459 [INFO] from application in application-akka.actor.default-dispatcher-24 - access from 0:0:0:0:0:0:0:1 to /assets//javascripts/jquery/jquery.js
2018-12-06 16:17:53,462 [INFO] from application in application-akka.actor.default-dispatcher-34 - access from 0:0:0:0:0:0:0:1 to /assets//javascripts/fetch/fetch.js
2018-12-06 16:18:49,681 [INFO] from application in application-akka.actor.default-dispatcher-24 - access from 0:0:0:0:0:0:0:1 to /
2018-12-06 16:18:49,731 [INFO] from application in application-akka.actor.default-dispatcher-44 - access from 0:0:0:0:0:0:0:1 to /assets/stylesheets/helpertop.css
2018-12-06 16:18:49,731 [INFO] from application in application-akka.actor.default-dispatcher-24 - access from 0:0:0:0:0:0:0:1 to /assets//javascripts/fetch/fetch.js
2018-12-06 16:18:49,731 [INFO] from application in application-akka.actor.default-dispatcher-45 - access from 0:0:0:0:0:0:0:1 to /assets//javascripts/jquery/jquery.js
2018-12-06 16:19:17,362 [INFO] from application in application-akka.actor.default-dispatcher-49 - access from 0:0:0:0:0:0:0:1 to /
2018-12-06 16:19:17,438 [INFO] from application in application-akka.actor.default-dispatcher-49 - access from 0:0:0:0:0:0:0:1 to /assets/stylesheets/helpertop.css
2018-12-06 16:19:17,438 [INFO] from application in application-akka.actor.default-dispatcher-48 - access from 0:0:0:0:0:0:0:1 to /assets//javascripts/fetch/fetch.js
2018-12-06 16:19:17,439 [INFO] from application in application-akka.actor.default-dispatcher-47 - access from 0:0:0:0:0:0:0:1 to /assets//javascripts/jquery/jquery.js
2018-12-06 16:19:25,354 [INFO] from application in application-akka.actor.default-dispatcher-49 - access from 0:0:0:0:0:0:0:1 to /signup
2018-12-06 16:19:25,427 [INFO] from application in application-akka.actor.default-dispatcher-49 - access from 0:0:0:0:0:0:0:1 to /assets//javascripts/jquery/jquery.js
2018-12-06 16:19:25,428 [INFO] from application in application-akka.actor.default-dispatcher-46 - access from 0:0:0:0:0:0:0:1 to /assets/stylesheets/helpertop.css
2018-12-06 16:19:25,433 [INFO] from application in application-akka.actor.default-dispatcher-47 - access from 0:0:0:0:0:0:0:1 to /assets//javascripts/fetch/fetch.js
2018-12-06 16:19:25,466 [INFO] from application in application-akka.actor.default-dispatcher-49 - access from 0:0:0:0:0:0:0:1 to /assets//javascripts/signupandin/signup.js
2018-12-06 16:19:25,666 [INFO] from application in application-akka.actor.default-dispatcher-49 - access from 0:0:0:0:0:0:0:1 to /assets//javascripts/signupandin/areaandschool.js
2018-12-06 16:20:15,743 [INFO] from application in application-akka.actor.default-dispatcher-47 - access from 0:0:0:0:0:0:0:1 to /
2018-12-06 16:20:15,827 [INFO] from application in application-akka.actor.default-dispatcher-62 - access from 0:0:0:0:0:0:0:1 to /assets//javascripts/fetch/fetch.js
2018-12-06 16:20:15,827 [INFO] from application in application-akka.actor.default-dispatcher-46 - access from 0:0:0:0:0:0:0:1 to /assets/stylesheets/helpertop.css
2018-12-06 16:20:15,829 [INFO] from application in application-akka.actor.default-dispatcher-47 - access from 0:0:0:0:0:0:0:1 to /assets//javascripts/jquery/jquery.js
2018-12-06 16:21:00,712 [INFO] from application in application-akka.actor.default-dispatcher-66 - ApplicationTimer demo: Stopping application at 2018-12-06T07:21:00.712Z after 481s.
2018-12-06 16:21:00,713 [INFO] from application in application-akka.actor.default-dispatcher-66 - Shutting down connection pool.
2018-12-06 16:21:01,035 [INFO] from application in play-dev-mode-akka.actor.default-dispatcher-44 - Creating Pool for datasource 'default'
2018-12-06 16:21:01,037 [INFO] from play.api.db.DefaultDBApi in play-dev-mode-akka.actor.default-dispatcher-44 - Database [default] connected at jdbc:h2:mem:play
2018-12-06 16:21:01,067 [INFO] from application in play-dev-mode-akka.actor.default-dispatcher-44 - ApplicationTimer demo: Starting application at 2018-12-06T07:21:01.067Z
2018-12-06 16:21:01,147 [INFO] from play.api.http.EnabledFilters in play-dev-mode-akka.actor.default-dispatcher-44 - Enabled Filters (see <https://www.playframework.com/documentation/latest/Filters>):

    play.filters.csrf.CSRFFilter
    play.filters.gzip.GzipFilter
    filters.sample.LoggingFilter

2018-12-06 16:21:01,156 [INFO] from play.api.Play in play-dev-mode-akka.actor.default-dispatcher-44 - Application started (Dev)
2018-12-06 16:21:01,170 [INFO] from application in application-akka.actor.default-dispatcher-3 - access from 0:0:0:0:0:0:0:1 to /
2018-12-06 16:21:01,223 [INFO] from application in application-akka.actor.default-dispatcher-5 - access from 0:0:0:0:0:0:0:1 to /assets/stylesheets/helpertop.css
2018-12-06 16:21:01,227 [INFO] from application in application-akka.actor.default-dispatcher-4 - access from 0:0:0:0:0:0:0:1 to /assets//javascripts/fetch/fetch.js
2018-12-06 16:21:01,243 [INFO] from application in application-akka.actor.default-dispatcher-4 - access from 0:0:0:0:0:0:0:1 to /assets//javascripts/jquery/jquery.js
2018-12-06 16:21:21,549 [INFO] from application in application-akka.actor.default-dispatcher-4 - access from 0:0:0:0:0:0:0:1 to /
2018-12-06 16:21:21,581 [INFO] from application in application-akka.actor.default-dispatcher-2 - access from 0:0:0:0:0:0:0:1 to /assets//javascripts/jquery/jquery.js
2018-12-06 16:21:21,582 [INFO] from application in application-akka.actor.default-dispatcher-4 - access from 0:0:0:0:0:0:0:1 to /assets/stylesheets/helpertop.css
2018-12-06 16:21:21,584 [INFO] from application in application-akka.actor.default-dispatcher-5 - access from 0:0:0:0:0:0:0:1 to /assets//javascripts/fetch/fetch.js
2018-12-06 16:21:47,378 [INFO] from application in application-akka.actor.default-dispatcher-6 - access from 0:0:0:0:0:0:0:1 to /
2018-12-06 16:21:47,425 [INFO] from application in application-akka.actor.default-dispatcher-6 - access from 0:0:0:0:0:0:0:1 to /assets//javascripts/jquery/jquery.js
2018-12-06 16:21:47,425 [INFO] from application in application-akka.actor.default-dispatcher-9 - access from 0:0:0:0:0:0:0:1 to /assets//javascripts/fetch/fetch.js
2018-12-06 16:21:47,425 [INFO] from application in application-akka.actor.default-dispatcher-8 - access from 0:0:0:0:0:0:0:1 to /assets/stylesheets/helpertop.css
2018-12-06 16:22:00,440 [INFO] from application in application-akka.actor.default-dispatcher-7 - access from 0:0:0:0:0:0:0:1 to /
2018-12-06 16:22:00,477 [INFO] from application in application-akka.actor.default-dispatcher-14 - access from 0:0:0:0:0:0:0:1 to /assets//javascripts/fetch/fetch.js
2018-12-06 16:22:00,478 [INFO] from application in application-akka.actor.default-dispatcher-7 - access from 0:0:0:0:0:0:0:1 to /assets/stylesheets/helpertop.css
2018-12-06 16:22:00,485 [INFO] from application in application-akka.actor.default-dispatcher-6 - access from 0:0:0:0:0:0:0:1 to /assets//javascripts/jquery/jquery.js
2018-12-06 16:23:07,310 [INFO] from application in application-akka.actor.default-dispatcher-15 - access from 0:0:0:0:0:0:0:1 to /
2018-12-06 16:23:07,351 [INFO] from application in application-akka.actor.default-dispatcher-25 - access from 0:0:0:0:0:0:0:1 to /assets/stylesheets/helpertop.css
2018-12-06 16:23:07,352 [INFO] from application in application-akka.actor.default-dispatcher-15 - access from 0:0:0:0:0:0:0:1 to /assets//javascripts/fetch/fetch.js
2018-12-06 16:23:07,354 [INFO] from application in application-akka.actor.default-dispatcher-26 - access from 0:0:0:0:0:0:0:1 to /assets//javascripts/jquery/jquery.js
2018-12-06 16:23:39,969 [INFO] from application in application-akka.actor.default-dispatcher-29 - access from 0:0:0:0:0:0:0:1 to /
2018-12-06 16:23:40,018 [INFO] from application in application-akka.actor.default-dispatcher-25 - access from 0:0:0:0:0:0:0:1 to /assets/stylesheets/helpertop.css
2018-12-06 16:23:40,018 [INFO] from application in application-akka.actor.default-dispatcher-28 - access from 0:0:0:0:0:0:0:1 to /assets//javascripts/fetch/fetch.js
2018-12-06 16:23:40,024 [INFO] from application in application-akka.actor.default-dispatcher-29 - access from 0:0:0:0:0:0:0:1 to /assets//javascripts/jquery/jquery.js
2018-12-06 16:24:07,560 [INFO] from application in application-akka.actor.default-dispatcher-36 - access from 0:0:0:0:0:0:0:1 to /
2018-12-06 16:24:07,581 [INFO] from application in application-akka.actor.default-dispatcher-36 - access from 0:0:0:0:0:0:0:1 to /assets//javascripts/jquery/jquery.js
2018-12-06 16:24:07,581 [INFO] from application in application-akka.actor.default-dispatcher-34 - access from 0:0:0:0:0:0:0:1 to /assets//javascripts/fetch/fetch.js
2018-12-06 16:24:07,581 [INFO] from application in application-akka.actor.default-dispatcher-35 - access from 0:0:0:0:0:0:0:1 to /assets/stylesheets/helpertop.css
2018-12-06 16:24:48,080 [INFO] from application in application-akka.actor.default-dispatcher-41 - access from 0:0:0:0:0:0:0:1 to /
2018-12-06 16:24:48,101 [INFO] from application in application-akka.actor.default-dispatcher-42 - access from 0:0:0:0:0:0:0:1 to /assets/stylesheets/helpertop.css
2018-12-06 16:24:48,112 [INFO] from application in application-akka.actor.default-dispatcher-41 - access from 0:0:0:0:0:0:0:1 to /assets//javascripts/fetch/fetch.js
2018-12-06 16:24:48,131 [INFO] from application in application-akka.actor.default-dispatcher-41 - access from 0:0:0:0:0:0:0:1 to /assets//javascripts/jquery/jquery.js
2018-12-06 16:25:14,116 [INFO] from application in application-akka.actor.default-dispatcher-41 - access from 0:0:0:0:0:0:0:1 to /
2018-12-06 16:25:14,150 [INFO] from application in application-akka.actor.default-dispatcher-42 - access from 0:0:0:0:0:0:0:1 to /assets//javascripts/fetch/fetch.js
2018-12-06 16:25:14,151 [INFO] from application in application-akka.actor.default-dispatcher-51 - access from 0:0:0:0:0:0:0:1 to /assets/stylesheets/helpertop.css
2018-12-06 16:25:14,153 [INFO] from application in application-akka.actor.default-dispatcher-41 - access from 0:0:0:0:0:0:0:1 to /assets//javascripts/jquery/jquery.js
2018-12-06 16:25:26,572 [INFO] from application in application-akka.actor.default-dispatcher-56 - access from 0:0:0:0:0:0:0:1 to /
2018-12-06 16:25:26,609 [INFO] from application in application-akka.actor.default-dispatcher-56 - access from 0:0:0:0:0:0:0:1 to /assets//javascripts/fetch/fetch.js
2018-12-06 16:25:26,610 [INFO] from application in application-akka.actor.default-dispatcher-55 - access from 0:0:0:0:0:0:0:1 to /assets//javascripts/jquery/jquery.js
2018-12-06 16:25:26,612 [INFO] from application in application-akka.actor.default-dispatcher-42 - access from 0:0:0:0:0:0:0:1 to /assets/stylesheets/helpertop.css
2018-12-06 16:25:41,080 [INFO] from application in application-akka.actor.default-dispatcher-55 - access from 0:0:0:0:0:0:0:1 to /
2018-12-06 16:25:41,104 [INFO] from application in application-akka.actor.default-dispatcher-56 - access from 0:0:0:0:0:0:0:1 to /assets//javascripts/fetch/fetch.js
2018-12-06 16:25:41,104 [INFO] from application in application-akka.actor.default-dispatcher-55 - access from 0:0:0:0:0:0:0:1 to /assets//javascripts/jquery/jquery.js
2018-12-06 16:25:41,104 [INFO] from application in application-akka.actor.default-dispatcher-64 - access from 0:0:0:0:0:0:0:1 to /assets/stylesheets/helpertop.css
2018-12-06 16:25:54,008 [INFO] from application in application-akka.actor.default-dispatcher-64 - access from 0:0:0:0:0:0:0:1 to /assets//javascripts/fetch/fetch.js
2018-12-06 16:25:54,011 [INFO] from application in application-akka.actor.default-dispatcher-68 - access from 0:0:0:0:0:0:0:1 to /signin
2018-12-06 16:25:54,160 [INFO] from application in application-akka.actor.default-dispatcher-68 - access from 0:0:0:0:0:0:0:1 to /assets/stylesheets/fontawesome-free-5.5.0-web/css/all.css
2018-12-06 16:25:54,161 [INFO] from application in application-akka.actor.default-dispatcher-72 - access from 0:0:0:0:0:0:0:1 to /assets//javascripts/jquery/jquery.js
2018-12-06 16:26:27,162 [INFO] from application in application-akka.actor.default-dispatcher-68 - access from 0:0:0:0:0:0:0:1 to /
2018-12-06 16:26:27,209 [INFO] from application in application-akka.actor.default-dispatcher-64 - access from 0:0:0:0:0:0:0:1 to /assets/stylesheets/helpertop.css
2018-12-06 16:26:27,211 [INFO] from application in application-akka.actor.default-dispatcher-56 - access from 0:0:0:0:0:0:0:1 to /assets//javascripts/fetch/fetch.js
2018-12-06 16:26:27,223 [INFO] from application in application-akka.actor.default-dispatcher-74 - access from 0:0:0:0:0:0:0:1 to /assets//javascripts/jquery/jquery.js
2018-12-06 16:26:49,958 [INFO] from application in application-akka.actor.default-dispatcher-80 - access from 0:0:0:0:0:0:0:1 to /
2018-12-06 16:26:50,015 [INFO] from application in application-akka.actor.default-dispatcher-82 - access from 0:0:0:0:0:0:0:1 to /assets/stylesheets/helpertop.css
2018-12-06 16:26:50,018 [INFO] from application in application-akka.actor.default-dispatcher-81 - access from 0:0:0:0:0:0:0:1 to /assets//javascripts/jquery/jquery.js
2018-12-06 16:26:50,020 [INFO] from application in application-akka.actor.default-dispatcher-80 - access from 0:0:0:0:0:0:0:1 to /assets//javascripts/fetch/fetch.js
2018-12-06 16:27:08,902 [INFO] from application in application-akka.actor.default-dispatcher-88 - access from 0:0:0:0:0:0:0:1 to /
2018-12-06 16:27:08,935 [INFO] from application in application-akka.actor.default-dispatcher-82 - access from 0:0:0:0:0:0:0:1 to /assets//javascripts/fetch/fetch.js
2018-12-06 16:27:08,935 [INFO] from application in application-akka.actor.default-dispatcher-93 - access from 0:0:0:0:0:0:0:1 to /assets//javascripts/jquery/jquery.js
2018-12-06 16:27:08,958 [INFO] from application in application-akka.actor.default-dispatcher-93 - access from 0:0:0:0:0:0:0:1 to /assets/stylesheets/helpertop.css
2018-12-06 16:27:21,189 [INFO] from application in application-akka.actor.default-dispatcher-93 - access from 0:0:0:0:0:0:0:1 to /
2018-12-06 16:27:21,220 [INFO] from application in application-akka.actor.default-dispatcher-80 - access from 0:0:0:0:0:0:0:1 to /assets//javascripts/fetch/fetch.js
2018-12-06 16:27:21,231 [INFO] from application in application-akka.actor.default-dispatcher-88 - access from 0:0:0:0:0:0:0:1 to /assets//javascripts/jquery/jquery.js
2018-12-06 16:27:21,234 [INFO] from application in application-akka.actor.default-dispatcher-81 - access from 0:0:0:0:0:0:0:1 to /assets/stylesheets/helpertop.css
2018-12-06 16:27:36,296 [INFO] from application in application-akka.actor.default-dispatcher-80 - access from 0:0:0:0:0:0:0:1 to /
2018-12-06 16:27:36,340 [INFO] from application in application-akka.actor.default-dispatcher-88 - access from 0:0:0:0:0:0:0:1 to /assets/stylesheets/helpertop.css
2018-12-06 16:27:36,340 [INFO] from application in application-akka.actor.default-dispatcher-80 - access from 0:0:0:0:0:0:0:1 to /assets//javascripts/fetch/fetch.js
2018-12-06 16:27:36,341 [INFO] from application in application-akka.actor.default-dispatcher-81 - access from 0:0:0:0:0:0:0:1 to /assets//javascripts/jquery/jquery.js
2018-12-06 16:28:10,182 [INFO] from application in application-akka.actor.default-dispatcher-81 - access from 0:0:0:0:0:0:0:1 to /
2018-12-06 16:28:10,222 [INFO] from application in application-akka.actor.default-dispatcher-81 - access from 0:0:0:0:0:0:0:1 to /assets//javascripts/jquery/jquery.js
2018-12-06 16:28:10,225 [INFO] from application in application-akka.actor.default-dispatcher-93 - access from 0:0:0:0:0:0:0:1 to /assets//javascripts/fetch/fetch.js
2018-12-06 16:28:10,225 [INFO] from application in application-akka.actor.default-dispatcher-100 - access from 0:0:0:0:0:0:0:1 to /assets/stylesheets/helpertop.css
2018-12-06 16:30:01,241 [INFO] from application in application-akka.actor.default-dispatcher-81 - access from 0:0:0:0:0:0:0:1 to /
2018-12-06 16:30:01,276 [INFO] from application in application-akka.actor.default-dispatcher-113 - access from 0:0:0:0:0:0:0:1 to /assets/stylesheets/helpertop.css
2018-12-06 16:30:01,289 [INFO] from application in application-akka.actor.default-dispatcher-114 - access from 0:0:0:0:0:0:0:1 to /assets//javascripts/jquery/jquery.js
2018-12-06 16:30:01,293 [INFO] from application in application-akka.actor.default-dispatcher-113 - access from 0:0:0:0:0:0:0:1 to /assets//javascripts/fetch/fetch.js
2018-12-06 16:30:21,741 [INFO] from application in application-akka.actor.default-dispatcher-113 - access from 0:0:0:0:0:0:0:1 to /
2018-12-06 16:30:21,762 [INFO] from application in application-akka.actor.default-dispatcher-118 - access from 0:0:0:0:0:0:0:1 to /assets/stylesheets/helpertop.css
2018-12-06 16:30:21,762 [INFO] from application in application-akka.actor.default-dispatcher-119 - access from 0:0:0:0:0:0:0:1 to /assets//javascripts/jquery/jquery.js
2018-12-06 16:30:21,773 [INFO] from application in application-akka.actor.default-dispatcher-119 - access from 0:0:0:0:0:0:0:1 to /assets//javascripts/fetch/fetch.js
2018-12-06 16:30:30,872 [INFO] from application in application-akka.actor.default-dispatcher-124 - access from 0:0:0:0:0:0:0:1 to /
2018-12-06 16:30:30,897 [INFO] from application in application-akka.actor.default-dispatcher-118 - access from 0:0:0:0:0:0:0:1 to /assets//javascripts/jquery/jquery.js
2018-12-06 16:30:30,897 [INFO] from application in application-akka.actor.default-dispatcher-124 - access from 0:0:0:0:0:0:0:1 to /assets//javascripts/fetch/fetch.js
2018-12-06 16:30:30,898 [INFO] from application in application-akka.actor.default-dispatcher-120 - access from 0:0:0:0:0:0:0:1 to /assets/stylesheets/helpertop.css
2018-12-06 16:31:21,330 [INFO] from application in application-akka.actor.default-dispatcher-113 - access from 0:0:0:0:0:0:0:1 to /
2018-12-06 16:31:21,365 [INFO] from application in application-akka.actor.default-dispatcher-113 - access from 0:0:0:0:0:0:0:1 to /assets//javascripts/fetch/fetch.js
2018-12-06 16:31:21,365 [INFO] from application in application-akka.actor.default-dispatcher-118 - access from 0:0:0:0:0:0:0:1 to /assets/stylesheets/helpertop.css
2018-12-06 16:31:21,365 [INFO] from application in application-akka.actor.default-dispatcher-132 - access from 0:0:0:0:0:0:0:1 to /assets//javascripts/jquery/jquery.js
2018-12-06 16:31:59,359 [INFO] from application in application-akka.actor.default-dispatcher-133 - access from 0:0:0:0:0:0:0:1 to /
2018-12-06 16:31:59,412 [INFO] from application in application-akka.actor.default-dispatcher-135 - access from 0:0:0:0:0:0:0:1 to /assets/stylesheets/helpertop.css
2018-12-06 16:31:59,412 [INFO] from application in application-akka.actor.default-dispatcher-140 - access from 0:0:0:0:0:0:0:1 to /assets//javascripts/fetch/fetch.js
2018-12-06 16:31:59,416 [INFO] from application in application-akka.actor.default-dispatcher-133 - access from 0:0:0:0:0:0:0:1 to /assets//javascripts/jquery/jquery.js
2018-12-06 16:33:14,664 [INFO] from application in application-akka.actor.default-dispatcher-141 - access from 0:0:0:0:0:0:0:1 to /
2018-12-06 16:33:14,713 [INFO] from application in application-akka.actor.default-dispatcher-141 - access from 0:0:0:0:0:0:0:1 to /assets/stylesheets/helpertop.css
2018-12-06 16:33:14,733 [INFO] from application in application-akka.actor.default-dispatcher-149 - access from 0:0:0:0:0:0:0:1 to /assets//javascripts/fetch/fetch.js
2018-12-06 16:33:14,750 [INFO] from application in application-akka.actor.default-dispatcher-141 - access from 0:0:0:0:0:0:0:1 to /assets//javascripts/jquery/jquery.js
2018-12-06 16:33:19,758 [INFO] from application in application-akka.actor.default-dispatcher-156 - access from 0:0:0:0:0:0:0:1 to /signin
2018-12-06 16:33:19,758 [INFO] from application in application-akka.actor.default-dispatcher-148 - access from 0:0:0:0:0:0:0:1 to /assets//javascripts/fetch/fetch.js
2018-12-06 16:33:19,788 [INFO] from application in application-akka.actor.default-dispatcher-148 - access from 0:0:0:0:0:0:0:1 to /assets/stylesheets/fontawesome-free-5.5.0-web/css/all.css
2018-12-06 16:33:19,789 [INFO] from application in application-akka.actor.default-dispatcher-155 - access from 0:0:0:0:0:0:0:1 to /assets//javascripts/jquery/jquery.js
2018-12-06 16:34:14,568 [INFO] from application in application-akka.actor.default-dispatcher-149 - access from 0:0:0:0:0:0:0:1 to /
2018-12-06 16:34:14,591 [INFO] from application in application-akka.actor.default-dispatcher-141 - access from 0:0:0:0:0:0:0:1 to /assets//javascripts/fetch/fetch.js
2018-12-06 16:34:14,606 [INFO] from application in application-akka.actor.default-dispatcher-159 - access from 0:0:0:0:0:0:0:1 to /assets/stylesheets/helpertop.css
2018-12-06 16:34:14,607 [INFO] from application in application-akka.actor.default-dispatcher-149 - access from 0:0:0:0:0:0:0:1 to /assets//javascripts/jquery/jquery.js
2018-12-06 16:35:07,688 [INFO] from application in application-akka.actor.default-dispatcher-141 - access from 0:0:0:0:0:0:0:1 to /
2018-12-06 16:35:07,694 [INFO] from application in application-akka.actor.default-dispatcher-141 - access from 0:0:0:0:0:0:0:1 to /assets//javascripts/fetch/fetch.js
2018-12-06 16:35:07,720 [INFO] from application in application-akka.actor.default-dispatcher-141 - access from 0:0:0:0:0:0:0:1 to /assets/stylesheets/helpertop.css
2018-12-06 16:35:07,728 [INFO] from application in application-akka.actor.default-dispatcher-141 - access from 0:0:0:0:0:0:0:1 to /assets//javascripts/fetch/fetch.js
2018-12-06 16:35:07,736 [INFO] from application in application-akka.actor.default-dispatcher-141 - access from 0:0:0:0:0:0:0:1 to /assets//javascripts/jquery/jquery.js
2018-12-06 16:35:20,291 [INFO] from application in application-akka.actor.default-dispatcher-169 - access from 0:0:0:0:0:0:0:1 to /assets//javascripts/fetch/fetch.js
2018-12-06 16:35:20,292 [INFO] from application in application-akka.actor.default-dispatcher-170 - access from 0:0:0:0:0:0:0:1 to /
2018-12-06 16:35:20,373 [INFO] from application in application-akka.actor.default-dispatcher-173 - access from 0:0:0:0:0:0:0:1 to /assets/stylesheets/helpertop.css
2018-12-06 16:35:20,373 [INFO] from application in application-akka.actor.default-dispatcher-179 - access from 0:0:0:0:0:0:0:1 to /assets//javascripts/fetch/fetch.js
2018-12-06 16:35:20,374 [INFO] from application in application-akka.actor.default-dispatcher-141 - access from 0:0:0:0:0:0:0:1 to /assets//javascripts/jquery/jquery.js
2018-12-06 16:35:45,797 [INFO] from application in application-akka.actor.default-dispatcher-179 - access from 0:0:0:0:0:0:0:1 to /assets//javascripts/fetch/fetch.js
2018-12-06 16:35:45,797 [INFO] from application in application-akka.actor.default-dispatcher-173 - access from 0:0:0:0:0:0:0:1 to /
2018-12-06 16:35:45,830 [INFO] from application in application-akka.actor.default-dispatcher-180 - access from 0:0:0:0:0:0:0:1 to /assets/stylesheets/helpertop.css
2018-12-06 16:35:45,839 [INFO] from application in application-akka.actor.default-dispatcher-184 - access from 0:0:0:0:0:0:0:1 to /assets//javascripts/fetch/fetch.js
2018-12-06 16:35:45,846 [INFO] from application in application-akka.actor.default-dispatcher-173 - access from 0:0:0:0:0:0:0:1 to /assets//javascripts/jquery/jquery.js
2018-12-06 16:36:02,123 [INFO] from application in application-akka.actor.default-dispatcher-179 - access from 0:0:0:0:0:0:0:1 to /assets//javascripts/fetch/fetch.js
2018-12-06 16:36:02,127 [INFO] from application in application-akka.actor.default-dispatcher-188 - access from 0:0:0:0:0:0:0:1 to /
2018-12-06 16:36:02,160 [INFO] from application in application-akka.actor.default-dispatcher-188 - access from 0:0:0:0:0:0:0:1 to /assets/stylesheets/helpertop.css
2018-12-06 16:36:02,162 [INFO] from application in application-akka.actor.default-dispatcher-171 - access from 0:0:0:0:0:0:0:1 to /assets//javascripts/jquery/jquery.js
2018-12-06 16:36:02,160 [INFO] from application in application-akka.actor.default-dispatcher-180 - access from 0:0:0:0:0:0:0:1 to /assets//javascripts/fetch/fetch.js
2018-12-06 16:37:22,913 [INFO] from application in application-akka.actor.default-dispatcher-180 - access from 0:0:0:0:0:0:0:1 to /
2018-12-06 16:37:22,913 [INFO] from application in application-akka.actor.default-dispatcher-196 - access from 0:0:0:0:0:0:0:1 to /assets//javascripts/fetch/fetch.js
2018-12-06 16:37:22,954 [INFO] from application in application-akka.actor.default-dispatcher-199 - access from 0:0:0:0:0:0:0:1 to /assets/stylesheets/helpertop.css
2018-12-06 16:37:22,963 [INFO] from application in application-akka.actor.default-dispatcher-196 - access from 0:0:0:0:0:0:0:1 to /assets//javascripts/fetch/fetch.js
2018-12-06 16:37:22,981 [INFO] from application in application-akka.actor.default-dispatcher-196 - access from 0:0:0:0:0:0:0:1 to /assets//javascripts/jquery/jquery.js
2018-12-06 16:37:55,213 [INFO] from application in application-akka.actor.default-dispatcher-201 - access from 0:0:0:0:0:0:0:1 to /assets//javascripts/fetch/fetch.js
2018-12-06 16:37:55,213 [INFO] from application in application-akka.actor.default-dispatcher-196 - access from 0:0:0:0:0:0:0:1 to /
2018-12-06 16:37:55,298 [INFO] from application in application-akka.actor.default-dispatcher-180 - access from 0:0:0:0:0:0:0:1 to /assets//javascripts/fetch/fetch.js
2018-12-06 16:37:55,298 [INFO] from application in application-akka.actor.default-dispatcher-206 - access from 0:0:0:0:0:0:0:1 to /assets//javascripts/jquery/jquery.js
2018-12-06 16:37:55,305 [INFO] from application in application-akka.actor.default-dispatcher-208 - access from 0:0:0:0:0:0:0:1 to /assets/stylesheets/helpertop.css
2018-12-06 16:38:16,732 [INFO] from application in application-akka.actor.default-dispatcher-207 - access from 0:0:0:0:0:0:0:1 to /
2018-12-06 16:38:16,732 [INFO] from application in application-akka.actor.default-dispatcher-205 - access from 0:0:0:0:0:0:0:1 to /assets//javascripts/fetch/fetch.js
2018-12-06 16:38:16,751 [INFO] from application in application-akka.actor.default-dispatcher-214 - access from 0:0:0:0:0:0:0:1 to /assets//javascripts/fetch/fetch.js
2018-12-06 16:38:16,752 [INFO] from application in application-akka.actor.default-dispatcher-213 - access from 0:0:0:0:0:0:0:1 to /assets/stylesheets/helpertop.css
2018-12-06 16:38:16,763 [INFO] from application in application-akka.actor.default-dispatcher-180 - access from 0:0:0:0:0:0:0:1 to /assets//javascripts/jquery/jquery.js
2018-12-06 16:38:28,961 [INFO] from application in application-akka.actor.default-dispatcher-214 - access from 0:0:0:0:0:0:0:1 to /signin
2018-12-06 16:38:28,963 [INFO] from application in application-akka.actor.default-dispatcher-204 - access from 0:0:0:0:0:0:0:1 to /assets//javascripts/fetch/fetch.js
2018-12-06 16:38:28,996 [INFO] from application in application-akka.actor.default-dispatcher-204 - access from 0:0:0:0:0:0:0:1 to /assets/stylesheets/fontawesome-free-5.5.0-web/css/all.css
2018-12-06 16:38:28,997 [INFO] from application in application-akka.actor.default-dispatcher-214 - access from 0:0:0:0:0:0:0:1 to /assets//javascripts/jquery/jquery.js
2018-12-06 16:38:33,472 [INFO] from application in play-dev-mode-akka.actor.default-dispatcher-77 - access from 0:0:0:0:0:0:0:1 to /signin
2018-12-06 16:38:33,560 [INFO] from application in application-akka.actor.default-dispatcher-220 - access from 0:0:0:0:0:0:0:1 to /assets//javascripts/jquery/jquery.js
2018-12-06 16:38:33,560 [INFO] from application in application-akka.actor.default-dispatcher-219 - access from 0:0:0:0:0:0:0:1 to /assets/stylesheets/fontawesome-free-5.5.0-web/css/all.css
2018-12-06 16:38:33,575 [INFO] from application in application-akka.actor.default-dispatcher-204 - access from 0:0:0:0:0:0:0:1 to /assets//javascripts/fetch/fetch.js
2018-12-06 16:38:34,629 [INFO] from application in application-akka.actor.default-dispatcher-204 - access from 0:0:0:0:0:0:0:1 to /
2018-12-06 16:38:34,629 [INFO] from application in application-akka.actor.default-dispatcher-207 - access from 0:0:0:0:0:0:0:1 to /assets//javascripts/fetch/fetch.js
2018-12-06 16:38:34,660 [INFO] from application in application-akka.actor.default-dispatcher-220 - access from 0:0:0:0:0:0:0:1 to /assets//javascripts/jquery/jquery.js
2018-12-06 16:38:34,660 [INFO] from application in application-akka.actor.default-dispatcher-219 - access from 0:0:0:0:0:0:0:1 to /assets/stylesheets/helpertop.css
2018-12-06 16:38:35,401 [INFO] from application in application-akka.actor.default-dispatcher-205 - access from 0:0:0:0:0:0:0:1 to /assets//javascripts/signupandin/signup.js
2018-12-06 16:38:35,403 [INFO] from application in application-akka.actor.default-dispatcher-214 - access from 0:0:0:0:0:0:0:1 to /signup
2018-12-06 16:38:35,439 [INFO] from application in application-akka.actor.default-dispatcher-220 - access from 0:0:0:0:0:0:0:1 to /assets/stylesheets/helpertop.css
2018-12-06 16:38:35,444 [INFO] from application in application-akka.actor.default-dispatcher-205 - access from 0:0:0:0:0:0:0:1 to /assets//javascripts/fetch/fetch.js
2018-12-06 16:38:35,447 [INFO] from application in application-akka.actor.default-dispatcher-214 - access from 0:0:0:0:0:0:0:1 to /assets//javascripts/jquery/jquery.js
2018-12-06 16:38:35,464 [INFO] from application in application-akka.actor.default-dispatcher-213 - access from 0:0:0:0:0:0:0:1 to /assets//javascripts/signupandin/signup.js
2018-12-06 16:38:35,498 [INFO] from application in application-akka.actor.default-dispatcher-213 - access from 0:0:0:0:0:0:0:1 to /assets//javascripts/signupandin/areaandschool.js
2018-12-06 16:39:09,793 [INFO] from application in application-akka.actor.default-dispatcher-214 - access from 0:0:0:0:0:0:0:1 to /database/users
2018-12-06 16:39:09,852 [INFO] from application in play-dev-mode-akka.actor.default-dispatcher-71 - access from 0:0:0:0:0:0:0:1 to /signup/register
2018-12-06 16:39:11,975 [INFO] from application in application-akka.actor.default-dispatcher-219 - access from 0:0:0:0:0:0:0:1 to /
2018-12-06 16:39:11,975 [INFO] from application in application-akka.actor.default-dispatcher-207 - access from 0:0:0:0:0:0:0:1 to /assets//javascripts/fetch/fetch.js
2018-12-06 16:39:12,031 [INFO] from application in application-akka.actor.default-dispatcher-219 - access from 0:0:0:0:0:0:0:1 to /assets/stylesheets/helpertop.css
2018-12-06 16:39:12,031 [INFO] from application in application-akka.actor.default-dispatcher-224 - access from 0:0:0:0:0:0:0:1 to /assets//javascripts/fetch/fetch.js
2018-12-06 16:39:12,031 [INFO] from application in application-akka.actor.default-dispatcher-223 - access from 0:0:0:0:0:0:0:1 to /assets//javascripts/jquery/jquery.js
2018-12-06 16:39:13,721 [INFO] from application in application-akka.actor.default-dispatcher-214 - access from 0:0:0:0:0:0:0:1 to /assets/stylesheets/fontawesome-free-5.5.0-web/css/all.css
2018-12-06 16:39:13,721 [INFO] from application in application-akka.actor.default-dispatcher-223 - access from 0:0:0:0:0:0:0:1 to /signin
2018-12-06 16:39:13,721 [INFO] from application in application-akka.actor.default-dispatcher-219 - access from 0:0:0:0:0:0:0:1 to /assets//javascripts/fetch/fetch.js
2018-12-06 16:39:13,752 [INFO] from application in application-akka.actor.default-dispatcher-224 - access from 0:0:0:0:0:0:0:1 to /assets//javascripts/fetch/fetch.js
2018-12-06 16:39:13,754 [INFO] from application in application-akka.actor.default-dispatcher-214 - access from 0:0:0:0:0:0:0:1 to /assets//javascripts/jquery/jquery.js
2018-12-06 16:39:16,186 [INFO] from application in play-dev-mode-akka.actor.default-dispatcher-71 - access from 0:0:0:0:0:0:0:1 to /signin
2018-12-06 16:39:16,215 [INFO] from application in application-akka.actor.default-dispatcher-207 - access from 0:0:0:0:0:0:0:1 to /helper/f
2018-12-06 16:39:21,022 [INFO] from application in application-akka.actor.default-dispatcher-219 - access from 0:0:0:0:0:0:0:1 to /assets//javascripts/fetch/fetch.js
2018-12-06 16:39:21,024 [INFO] from application in application-akka.actor.default-dispatcher-224 - access from 0:0:0:0:0:0:0:1 to /logout
2018-12-06 16:39:21,059 [INFO] from application in application-akka.actor.default-dispatcher-224 - access from 0:0:0:0:0:0:0:1 to /
2018-12-06 16:39:21,084 [INFO] from application in application-akka.actor.default-dispatcher-214 - access from 0:0:0:0:0:0:0:1 to /assets//javascripts/jquery/jquery.js
2018-12-06 16:39:21,090 [INFO] from application in application-akka.actor.default-dispatcher-224 - access from 0:0:0:0:0:0:0:1 to /assets/stylesheets/helpertop.css
2018-12-06 16:39:22,772 [INFO] from application in application-akka.actor.default-dispatcher-224 - access from 0:0:0:0:0:0:0:1 to /assets/stylesheets/fontawesome-free-5.5.0-web/css/all.css
2018-12-06 16:39:22,772 [INFO] from application in application-akka.actor.default-dispatcher-219 - access from 0:0:0:0:0:0:0:1 to /signin
2018-12-06 16:39:22,773 [INFO] from application in application-akka.actor.default-dispatcher-214 - access from 0:0:0:0:0:0:0:1 to /assets//javascripts/fetch/fetch.js
2018-12-06 16:39:22,805 [INFO] from application in application-akka.actor.default-dispatcher-223 - access from 0:0:0:0:0:0:0:1 to /assets//javascripts/jquery/jquery.js
2018-12-06 16:39:25,299 [INFO] from application in play-dev-mode-akka.actor.default-dispatcher-79 - access from 0:0:0:0:0:0:0:1 to /signin
2018-12-06 16:39:25,313 [INFO] from application in application-akka.actor.default-dispatcher-223 - access from 0:0:0:0:0:0:0:1 to /helper/f
2018-12-06 16:39:36,181 [INFO] from application in application-akka.actor.default-dispatcher-225 - access from 0:0:0:0:0:0:0:1 to /
2018-12-06 16:39:36,181 [INFO] from application in application-akka.actor.default-dispatcher-228 - access from 0:0:0:0:0:0:0:1 to /assets//javascripts/fetch/fetch.js
2018-12-06 16:39:36,217 [INFO] from application in application-akka.actor.default-dispatcher-228 - access from 0:0:0:0:0:0:0:1 to /assets//javascripts/jquery/jquery.js
2018-12-06 16:39:36,217 [INFO] from application in application-akka.actor.default-dispatcher-227 - access from 0:0:0:0:0:0:0:1 to /assets/stylesheets/helpertop.css
2018-12-06 16:39:37,928 [INFO] from application in application-akka.actor.default-dispatcher-229 - access from 0:0:0:0:0:0:0:1 to /assets//javascripts/fetch/fetch.js
2018-12-06 16:39:37,929 [INFO] from application in application-akka.actor.default-dispatcher-214 - access from 0:0:0:0:0:0:0:1 to /signin
2018-12-06 16:39:37,929 [INFO] from application in application-akka.actor.default-dispatcher-228 - access from 0:0:0:0:0:0:0:1 to /assets/stylesheets/fontawesome-free-5.5.0-web/css/all.css
2018-12-06 16:39:37,942 [INFO] from application in application-akka.actor.default-dispatcher-229 - access from 0:0:0:0:0:0:0:1 to /helper/f
